Arguments: 
  C:\Program Files\nodejs\node.exe C:\Users\supermars\AppData\Roaming\npm\node_modules\yarn\bin\yarn.js

PATH: 
  C:\Users\supermars\bin;D:\Program Files\Git\mingw64\bin;D:\Program Files\Git\usr\local\bin;D:\Program Files\Git\usr\bin;D:\Program Files\Git\usr\bin;D:\Program Files\Git\mingw64\bin;D:\Program Files\Git\usr\bin;C:\Users\supermars\bin;D:\软件安装目录;%Syst;mRoot%\system32;C:\WINDOWS;C:\WINDOWS\System32\Wbem;C:\WINDOWS\System32\WindowsPowerShell\v1.0;C:\WINDOWS\System32\OpenSSH;C:\Program Files\Intel\WiFi\bin;C:\Program Files\Common Files\Intel\WirelessCommon;C:\Program Files (x86)\NetSarang\Xftp 7;C:\Program Files (x86)\NetSarang\Xshell 7;C:\WINDOWS\system32;C:\Program Files\NVIDIA Corporation\NVIDIA NvDLISR;C:\Program Files\nodejs;C:\Program Files (x86)\Intel\Intel(R) Management Engine Components\DAL;C:\Program Files\Intel\Intel(R) Management Engine Components\DAL;C:\Users\supermars\AppData\Local\Microsoft\WindowsApps;C:\Users\supermars\AppData\Roaming\nvm;%NVM_SYMLINK%;C:\WINDOWS\system32;C:\Users\supermars\AppData\Local\Programs\Microsoft VS Code\bin;C:\Users\supermars\AppData\Roaming\npm;D:\Program Files\Git\usr\bin\vendor_perl;D:\Program Files\Git\usr\bin\core_perl

Yarn version: 
  1.22.10

Node version: 
  14.17.3

Platform: 
  win32 x64

Trace: 
  SyntaxError: D:\a\web_v3\package.json: Unexpected token } in JSON at position 632
      at JSON.parse (<anonymous>)
      at C:\Users\supermars\AppData\Roaming\npm\node_modules\yarn\lib\cli.js:1625:59
      at Generator.next (<anonymous>)
      at step (C:\Users\supermars\AppData\Roaming\npm\node_modules\yarn\lib\cli.js:310:30)
      at C:\Users\supermars\AppData\Roaming\npm\node_modules\yarn\lib\cli.js:321:13

npm manifest: 
  {
    "name": "dForceWebsite",
    "version": "0.1.0",
    "private": true,
    "dependencies": {
      "@types/numeral": "^0.0.28",
      "@types/request": "^2.48.5",
      "apexcharts": "^3.21.0",
      "namor": "^2.0.2",
      "numeral": "^2.0.6",
      "customize-cra": "^1.0.0",
      "react": "^16.13.1",
      "react-app-rewired": "^2.2.1",
      "react-content-loader": "^5.1.4",
      "react-dom": "^16.13.1",
      "react-intl": "^5.10.5",
      "react-neu": "^1.0.25",
      "react-router-dom": "^5.2.0",
      "react-scripts": "3.4.3",
      "react-tooltip": "^4.2.10",
      "request": "^2.88.2",
      "rollup": "^2.38.0",
      "styled-components": "^5.2.0",
    },
    "scripts": {
      "start": "react-app-rewired start",
      "start-mac": "react-scripts start",
      "build": "react-app-rewired build",
      "build-noSourcemap": "set GENERATE_SOURCEMAP=false&& react-scripts build",
      "test": "react-scripts test",
      "eject": "react-scripts eject"
    },
    "eslintConfig": {
      "extends": "react-app"
    },
    "browserslist": {
      "production": [
        ">0.2%",
        "not dead",
        "not op_mini all"
      ],
      "development": [
        "last 1 chrome version",
        "last 1 firefox version",
        "last 1 safari version"
      ]
    },
    "devDependencies": {
      "@types/react-dom": "^17.0.0",
      "@types/react-router-dom": "^5.1.5",
      "@types/styled-components": "^5.1.3",
      "typescript": "^3.9.7"
    }
  }

yarn manifest: 
  No manifest

Lockfile: 
  No lockfile
